INFO - ****************************** РАСЧЕТ ГЕОМЕТРИИ ТУРБИНЫ ******************************

INFO - 
INFO - ############### РАСЧЕТ ГЕОМЕТРИИ ТУРИБНЫ С УТОЧНЕНИЕМ ТЕПЛОПЕРЕПАДА НА СА ПЕРВОЙ СТУПЕНИ ###############

INFO - -------------------- ИТЕРАЦИЯ 1 --------------------

INFO - ---------- РАСЧЕТ ГЕОМЕТРИИ ТУРБИНЫ ----------
INFO - Вычисление среднего диаметра и длины лопатки на входе в РК первой ступени
INFO - Вычисление температуры перед РК первой ступени
INFO - Вычисление углов
INFO - Расчет линейных размеров ступеней

INFO - Ступень 1
INFO - Вычисление геометрических параметров ступени
INFO - Вычисление окружных скоростей
INFO - Ступень 2
INFO - Вычисление геометрических параметров ступени
INFO - Вычисление окружных скоростей
INFO - ---------- ВЫЧИСЛЕНИЕ СТАТИЧЕСКИХ ПАРАМЕТРОВ НА ВЫХОДЕ ИХ ТУРБИНЫ ----------
INFO - ---------- ВЫЧИСЛЕНИЕ ПРЕДВАРИТЕЛЬНОГО РАСПРЕДЕЛЕНИЯ ТЕПЛОПЕРЕПАДОВ ПО СТУПЕНЯМ ----------
INFO - 
INFO - 
****************************** РАСЧЕТ ГАЗОДИНАМИЧЕСКИХ ПАРАМЕТРОВ ТУРБИНЫ ******************************

INFO - 
*************** СТУПЕНЬ 1 ***************

INFO - ######################### РАСЧЕТ ГАЗОДИНАМИЧЕСКИХ ПАРАМЕТРОВ СТУПЕНИ ПО ЗАДАННОМУ ТЕПЛОПЕРЕПАДУ #########################

INFO - --------------- Расчет параметров ступени с уточнение k ---------------

INFO - ИТЕРАЦИЯ 1
INFO - Residual = 0.0261
INFO - ИТЕРАЦИЯ 2
INFO - Residual = 0.0003
INFO - 
*************** СТУПЕНЬ 2 ***************

INFO - ######################### РАСЧЕТ ГАЗОДИНАМИЧЕСКИХ ПАРАМЕТРОВ СТУПЕНИ ПО РАБОТЕ #########################

INFO - --------------- Расчет параметров ступени с уточнение КПД по статическим параметрам ---------------

INFO - ---------- ИТЕРАЦИЯ 1 ----------

INFO - --------------- Расчет параметров ступени с уточнение k ---------------

INFO - ИТЕРАЦИЯ 1
INFO - Residual = 0.0244
INFO - ИТЕРАЦИЯ 2
INFO - Residual = 0.0002
INFO - 
INFO - Residual(eta_t) = 0.0594

INFO - ---------- ИТЕРАЦИЯ 2 ----------

INFO - --------------- Расчет параметров ступени с уточнение k ---------------

INFO - ИТЕРАЦИЯ 1
INFO - Residual = 0.0242
INFO - ИТЕРАЦИЯ 2
INFO - Residual = 0.0002
INFO - 
INFO - Residual(eta_t) = 0.0062

INFO - ---------- ИТЕРАЦИЯ 3 ----------

INFO - --------------- Расчет параметров ступени с уточнение k ---------------

INFO - ИТЕРАЦИЯ 1
INFO - Residual = 0.0242
INFO - ИТЕРАЦИЯ 2
INFO - Residual = 0.0002
INFO - 
INFO - Residual(eta_t) = 0.0006

INFO - ---------- РИСОВАНИЕ ГЕОМЕТРИИ ТУРБИНЫ ---------- 
INFO - Вырисовывание ступени
INFO - Вырисовывание ступени
INFO - 
****************************** РАСЧЕТ ИНТЕГРАЛЬНЫХ ПАРАМЕТРОВ ТУРБИНЫ ******************************

